Start testing: May 27 19:41 Hora oficial do Brasil
----------------------------------------------------------
1/1 Testing: ExampleTests
1/1 Test: ExampleTests
Command: "D:/Users/User/Documents/programas c++/TP2KWIC/build/test/ExampleTests.exe"
Directory: D:/Users/User/Documents/programas c++/TP2KWIC/build/test
"ExampleTests" start time: May 27 19:41 Hora oficial do Brasil
Output:
----------------------------------------------------------
<end of output>
Test time =   0.43 sec
----------------------------------------------------------
Test Passed.
"ExampleTests" end time: May 27 19:41 Hora oficial do Brasil
"ExampleTests" time elapsed: 00:00:00
----------------------------------------------------------

End testing: May 27 19:41 Hora oficial do Brasil
