<?xml version="1.0" encoding="UTF-8"?>
<Site BuildName="Win32-make"
	BuildStamp="20250530-1746-Experimental"
	Name="DESKTOP-6E8PQ1U"
	Generator="ctest-4.0.2"
	CompilerName="D:/msys64/ucrt64/bin/g++.exe"
	CompilerVersion="14.2.0"
	OSName="Windows"
	Hostname="DESKTOP-6E8PQ1U"
	OSRelease=" Professional"
	OSVersion=" (Build 19045)"
	OSPlatform="AMD64"
	Is64Bits="1"
	VendorString="GenuineIntel"
	VendorID="Intel Corporation"
	FamilyID="6"
	ModelID="5"
	ModelName=""
	ProcessorCacheSize="-1"
	NumberOfLogicalCPU="8"
	NumberOfPhysicalCPU="4"
	TotalVirtualMemory="20549"
	TotalPhysicalMemory="8040"
	LogicalProcessorsPerPhysical="2"
	ProcessorClockFrequency="3600"
	>
	<Testing>
		<StartDateTime>May 30 20:43 Hora oficial do Brasil</StartDateTime>
		<StartTestTime>1748648638</StartTestTime>
		<TestList>
			<Test>./test/KWICTest</Test>
		</TestList>
		<Test Status="passed">
			<Name>KWICTest</Name>
			<Path>./test</Path>
			<FullName>./test/KWICTest</FullName>
			<FullCommandLine>"D:\Users\User\Documents\VSCODE\programas c++\TP2\build\test\test_keyword.exe" "D:/Users/User/Documents/VSCODE/programas c++/TP2/input.txt"</FullCommandLine>
			<Results>
				<NamedMeasurement type="numeric/double" name="Execution Time">
					<Value>0.23103</Value>
				</NamedMeasurement>
				<NamedMeasurement type="numeric/double" name="Processors">
					<Value>1</Value>
				</NamedMeasurement>
				<NamedMeasurement type="text/string" name="Completion Status">
					<Value>Completed</Value>
				</NamedMeasurement>
				<NamedMeasurement type="text/string" name="Command Line">
					<Value>"D:\Users\User\Documents\VSCODE\programas c++\TP2\build\test\test_keyword.exe" "D:/Users/User/Documents/VSCODE/programas c++/TP2/input.txt"</Value>
				</NamedMeasurement>
				<NamedMeasurement type="text/string" name="Environment">
					<Value>#CTEST_RESOURCE_GROUP_COUNT=</Value>
				</NamedMeasurement>
				<Measurement>
					<Value encoding="base64" compression="gzip">eJyNlD1vwjAQhvf8ihthICK0aqdO/RrolyBVB5TBIQex5NiRfYby7+skCEFi4d4SOX7eO9+bc1YPp8hgYaXkcgvJFAgNGdhoVcF9uwBjuXvG0WpyigxehcqZ6ACUO66VrFA6GGli6x48O8/6vHPcO5NsizptXkcrWHx/QBvZcDte2tysNa+JK9nAXXzOwzCMplCZcajAl80FN2Uo9RE7Jf1/h50ESBET4+hSeXOufGLElqS0U3qs6e/Gb4oVl6f2IjC6G9owIJdYM80If5QuTCDrBet1eShxC5zjYe8kKSeBoRJ93uv7Vfe6vv22J93otjpXpWnk2JTyTaUXiR81OhNSW/e7CeLeZoJnujZH52JnQt2oX7gg7yVzQBy7S5qW3ICrQKA2QCV2OZSl2hLsmQGNldphAYbLNQJ3d/13jei+eQuXGk2pRNGok+nsFvJD86fIoj8g7GRT====</Value>
				</Measurement>
			</Results>
		</Test>
		<EndDateTime>May 30 20:43 Hora oficial do Brasil</EndDateTime>
		<EndTestTime>1748648638</EndTestTime>
		<ElapsedMinutes>0</ElapsedMinutes>
	</Testing>
</Site>
